<?xml version="1.0" encoding="UTF-8"?>
<coverage generated="1611024280277" clover="3.2.0">
  <project timestamp="1611024280277" name="All files">
    <metrics statements="164" coveredstatements="154" conditionals="56" coveredconditionals="47" methods="26" coveredmethods="24" elements="246" coveredelements="225" complexity="0" loc="164" ncloc="164" packages="3" files="8" classes="8"/>
    <package name="src">
      <metrics statements="127" coveredstatements="118" conditionals="34" coveredconditionals="28" methods="18" coveredmethods="16"/>
      <file name="Directions.js" path="/Users/faisalnaseer/Desktop/Projects/rea-robot-v5/toy-robot/src/Directions.js">
        <metrics statements="2" coveredstatements="2" conditionals="0" coveredconditionals="0" methods="0" coveredmethods="0"/>
        <line num="1" count="8" type="stmt"/>
        <line num="20" count="4" type="stmt"/>
      </file>
      <file name="Robot.js" path="/Users/faisalnaseer/Desktop/Projects/rea-robot-v5/toy-robot/src/Robot.js">
        <metrics statements="44" coveredstatements="44" conditionals="12" coveredconditionals="12" methods="7" coveredmethods="7"/>
        <line num="1" count="30" type="stmt"/>
        <line num="2" count="30" type="stmt"/>
        <line num="3" count="30" type="stmt"/>
        <line num="4" count="30" type="stmt"/>
        <line num="11" count="223" type="stmt"/>
        <line num="12" count="30" type="stmt"/>
        <line num="13" count="52" type="stmt"/>
        <line num="14" count="34" type="stmt"/>
        <line num="15" count="25" type="stmt"/>
        <line num="22" count="22" type="cond" truecount="2" falsecount="0"/>
        <line num="23" count="23" type="stmt"/>
        <line num="25" count="42" type="stmt"/>
        <line num="26" count="21" type="cond" truecount="2" falsecount="0"/>
        <line num="27" count="22" type="stmt"/>
        <line num="29" count="46" type="stmt"/>
        <line num="41" count="36" type="cond" truecount="2" falsecount="0"/>
        <line num="42" count="2" type="stmt"/>
        <line num="44" count="34" type="stmt"/>
        <line num="45" count="34" type="stmt"/>
        <line num="46" count="34" type="stmt"/>
        <line num="47" count="34" type="stmt"/>
        <line num="54" count="34" type="stmt"/>
        <line num="55" count="35" type="stmt"/>
        <line num="56" count="18" type="stmt"/>
        <line num="57" count="18" type="stmt"/>
        <line num="59" count="18" type="cond" truecount="2" falsecount="0"/>
        <line num="60" count="2" type="stmt"/>
        <line num="62" count="16" type="stmt"/>
        <line num="63" count="16" type="stmt"/>
        <line num="64" count="16" type="stmt"/>
        <line num="74" count="33" type="cond" truecount="2" falsecount="0"/>
        <line num="75" count="9" type="stmt"/>
        <line num="77" count="6" type="stmt"/>
        <line num="78" count="12" type="stmt"/>
        <line num="79" count="12" type="stmt"/>
        <line num="80" count="12" type="stmt"/>
        <line num="89" count="11" type="cond" truecount="2" falsecount="0"/>
        <line num="90" count="28" type="stmt"/>
        <line num="92" count="9" type="stmt"/>
        <line num="93" count="4" type="stmt"/>
        <line num="94" count="8" type="stmt"/>
        <line num="95" count="8" type="stmt"/>
        <line num="103" count="12" type="stmt"/>
        <line num="111" count="3" type="stmt"/>
      </file>
      <file name="Surface.js" path="/Users/faisalnaseer/Desktop/Projects/rea-robot-v5/toy-robot/src/Surface.js">
        <metrics statements="11" coveredstatements="11" conditionals="14" coveredconditionals="12" methods="2" coveredmethods="2"/>
        <line num="7" count="67" type="cond" truecount="4" falsecount="2"/>
        <line num="8" count="33" type="stmt"/>
        <line num="9" count="66" type="stmt"/>
        <line num="17" count="34" type="cond" truecount="4" falsecount="0"/>
        <line num="18" count="32" type="stmt"/>
        <line num="19" count="33" type="cond" truecount="2" falsecount="0"/>
        <line num="20" count="31" type="stmt"/>
        <line num="21" count="27" type="cond" truecount="2" falsecount="0"/>
        <line num="22" count="3" type="stmt"/>
        <line num="24" count="24" type="stmt"/>
        <line num="28" count="3" type="stmt"/>
      </file>
      <file name="index.js" path="/Users/faisalnaseer/Desktop/Projects/rea-robot-v5/toy-robot/src/index.js">
        <metrics statements="70" coveredstatements="61" conditionals="8" coveredconditionals="4" methods="9" coveredmethods="7"/>
        <line num="1" count="2" type="stmt"/>
        <line num="2" count="2" type="stmt"/>
        <line num="3" count="27" type="stmt"/>
        <line num="4" count="27" type="stmt"/>
        <line num="5" count="1" type="stmt"/>
        <line num="7" count="1" type="stmt"/>
        <line num="12" count="2" type="stmt"/>
        <line num="13" count="30" type="cond" truecount="1" falsecount="1"/>
        <line num="14" count="30" type="stmt"/>
        <line num="16" count="12" type="stmt"/>
        <line num="17" count="12" type="stmt"/>
        <line num="26" count="1" type="stmt"/>
        <line num="27" count="10" type="stmt"/>
        <line num="29" count="11" type="stmt"/>
        <line num="30" count="10" type="stmt"/>
        <line num="31" count="11" type="stmt"/>
        <line num="36" count="12" type="stmt"/>
        <line num="37" count="12" type="stmt"/>
        <line num="45" count="13" type="stmt"/>
        <line num="50" count="0" type="stmt"/>
        <line num="59" count="13" type="stmt"/>
        <line num="65" count="22" type="stmt"/>
        <line num="66" count="22" type="stmt"/>
        <line num="67" count="22" type="cond" truecount="1" falsecount="1"/>
        <line num="73" count="12" type="stmt"/>
        <line num="74" count="52" type="stmt"/>
        <line num="79" count="22" type="cond" truecount="1" falsecount="1"/>
        <line num="80" count="10" type="cond" truecount="1" falsecount="1"/>
        <line num="81" count="10" type="stmt"/>
        <line num="87" count="10" type="stmt"/>
        <line num="92" count="22" type="stmt"/>
        <line num="93" count="11" type="stmt"/>
        <line num="96" count="8" type="stmt"/>
        <line num="100" count="8" type="stmt"/>
        <line num="101" count="0" type="stmt"/>
        <line num="103" count="10" type="stmt"/>
        <line num="109" count="1" type="stmt"/>
        <line num="116" count="14" type="stmt"/>
        <line num="117" count="7" type="stmt"/>
        <line num="119" count="4" type="stmt"/>
        <line num="120" count="4" type="stmt"/>
        <line num="121" count="0" type="stmt"/>
        <line num="123" count="6" type="stmt"/>
        <line num="128" count="1" type="stmt"/>
        <line num="135" count="6" type="stmt"/>
        <line num="136" count="3" type="stmt"/>
        <line num="138" count="6" type="stmt"/>
        <line num="139" count="6" type="stmt"/>
        <line num="140" count="0" type="stmt"/>
        <line num="142" count="2" type="stmt"/>
        <line num="147" count="1" type="stmt"/>
        <line num="154" count="10" type="stmt"/>
        <line num="155" count="5" type="stmt"/>
        <line num="157" count="8" type="stmt"/>
        <line num="158" count="8" type="stmt"/>
        <line num="159" count="8" type="stmt"/>
        <line num="161" count="4" type="stmt"/>
        <line num="166" count="1" type="stmt"/>
        <line num="173" count="6" type="stmt"/>
        <line num="174" count="14" type="stmt"/>
        <line num="175" count="7" type="stmt"/>
        <line num="177" count="1" type="stmt"/>
        <line num="178" count="0" type="stmt"/>
        <line num="179" count="0" type="stmt"/>
        <line num="181" count="6" type="stmt"/>
        <line num="184" count="1" type="stmt"/>
        <line num="186" count="1" type="stmt"/>
        <line num="187" count="0" type="stmt"/>
        <line num="188" count="0" type="stmt"/>
        <line num="189" count="0" type="stmt"/>
      </file>
    </package>
    <package name="src.messages">
      <metrics statements="2" coveredstatements="2" conditionals="0" coveredconditionals="0" methods="0" coveredmethods="0"/>
      <file name="Messages.js" path="/Users/faisalnaseer/Desktop/Projects/rea-robot-v5/toy-robot/src/messages/Messages.js">
        <metrics statements="2" coveredstatements="2" conditionals="0" coveredconditionals="0" methods="0" coveredmethods="0"/>
        <line num="1" count="8" type="stmt"/>
        <line num="22" count="4" type="stmt"/>
      </file>
    </package>
    <package name="src.utils">
      <metrics statements="35" coveredstatements="34" conditionals="22" coveredconditionals="19" methods="8" coveredmethods="8"/>
      <file name="DirectionUtils.js" path="/Users/faisalnaseer/Desktop/Projects/rea-robot-v5/toy-robot/src/utils/DirectionUtils.js">
        <metrics statements="21" coveredstatements="21" conditionals="14" coveredconditionals="14" methods="4" coveredmethods="4"/>
        <line num="1" count="8" type="stmt"/>
        <line num="2" count="55" type="stmt"/>
        <line num="8" count="5" type="stmt"/>
        <line num="9" count="93" type="cond" truecount="4" falsecount="0"/>
        <line num="10" count="5" type="stmt"/>
        <line num="12" count="60" type="stmt"/>
        <line num="18" count="6" type="stmt"/>
        <line num="19" count="30" type="cond" truecount="4" falsecount="0"/>
        <line num="20" count="18" type="stmt"/>
        <line num="22" count="52" type="stmt"/>
        <line num="23" count="28" type="stmt"/>
        <line num="24" count="32" type="cond" truecount="2" falsecount="0"/>
        <line num="27" count="12" type="stmt"/>
        <line num="33" count="5" type="stmt"/>
        <line num="34" count="21" type="cond" truecount="2" falsecount="0"/>
        <line num="35" count="5" type="stmt"/>
        <line num="36" count="23" type="stmt"/>
        <line num="42" count="5" type="stmt"/>
        <line num="43" count="23" type="cond" truecount="2" falsecount="0"/>
        <line num="44" count="1" type="stmt"/>
        <line num="45" count="9" type="stmt"/>
      </file>
      <file name="ErrorLogs.js" path="/Users/faisalnaseer/Desktop/Projects/rea-robot-v5/toy-robot/src/utils/ErrorLogs.js">
        <metrics statements="8" coveredstatements="7" conditionals="2" coveredconditionals="1" methods="2" coveredmethods="2"/>
        <line num="1" count="6" type="stmt"/>
        <line num="6" count="32" type="stmt"/>
        <line num="8" count="14" type="stmt"/>
        <line num="9" count="10" type="cond" truecount="1" falsecount="1"/>
        <line num="10" count="0" type="stmt"/>
        <line num="12" count="6" type="stmt"/>
        <line num="19" count="3" type="stmt"/>
        <line num="20" count="4" type="stmt"/>
      </file>
      <file name="Initializer.js" path="/Users/faisalnaseer/Desktop/Projects/rea-robot-v5/toy-robot/src/utils/Initializer.js">
        <metrics statements="6" coveredstatements="6" conditionals="6" coveredconditionals="4" methods="2" coveredmethods="2"/>
        <line num="2" count="6" type="stmt"/>
        <line num="3" count="30" type="stmt"/>
        <line num="8" count="6" type="stmt"/>
        <line num="9" count="59" type="stmt"/>
        <line num="12" count="32" type="cond" truecount="4" falsecount="2"/>
        <line num="13" count="32" type="stmt"/>
      </file>
    </package>
  </project>
</coverage>
