{"/Users/faisalnaseer/Desktop/Projects/rea-robot-v5/toy-robot/src/Directions.js": {"path":"/Users/faisalnaseer/Desktop/Projects/rea-robot-v5/toy-robot/src/Directions.js","statementMap":{"0":{"start":{"line":1,"column":19},"end":{"line":1,"column":null}},"1":{"start":{"line":20,"column":15},"end":{"line":20,"column":null}}},"fnMap":{},"branchMap":{},"s":{"0":8,"1":4},"f":{},"b":{},"_coverageSchema":"1a1c01bbd47fc00a2c39e90264f33305004495a9","hash":"b98f08b047c8c4aeaeb7a1008cc4b0dab0fc1120"}
,"/Users/faisalnaseer/Desktop/Projects/rea-robot-v5/toy-robot/src/Robot.js": {"path":"/Users/faisalnaseer/Desktop/Projects/rea-robot-v5/toy-robot/src/Robot.js","statementMap":{"0":{"start":{"line":1,"column":0},"end":{"line":1,"column":null}},"1":{"start":{"line":2,"column":0},"end":{"line":2,"column":null}},"2":{"start":{"line":3,"column":0},"end":{"line":3,"column":null}},"3":{"start":{"line":4,"column":0},"end":{"line":4,"column":null}},"4":{"start":{"line":11,"column":4},"end":{"line":16,"column":null}},"5":{"start":{"line":11,"column":19},"end":{"line":11,"column":null}},"6":{"start":{"line":22,"column":8},"end":{"line":24,"column":null}},"7":{"start":{"line":23,"column":12},"end":{"line":23,"column":25}},"8":{"start":{"line":25,"column":8},"end":{"line":25,"column":17}},"9":{"start":{"line":26,"column":8},"end":{"line":28,"column":null}},"10":{"start":{"line":27,"column":12},"end":{"line":27,"column":25}},"11":{"start":{"line":29,"column":8},"end":{"line":29,"column":12}},"12":{"start":{"line":41,"column":8},"end":{"line":48,"column":null}},"13":{"start":{"line":42,"column":12},"end":{"line":42,"column":25}},"14":{"start":{"line":44,"column":12},"end":{"line":44,"column":16}},"15":{"start":{"line":45,"column":12},"end":{"line":45,"column":16}},"16":{"start":{"line":46,"column":12},"end":{"line":46,"column":16}},"17":{"start":{"line":47,"column":12},"end":{"line":47,"column":19}},"18":{"start":{"line":55,"column":49},"end":{"line":55,"column":68}},"19":{"start":{"line":54,"column":17},"end":{"line":54,"column":null}},"20":{"start":{"line":56,"column":29},"end":{"line":56,"column":null}},"21":{"start":{"line":57,"column":29},"end":{"line":57,"column":null}},"22":{"start":{"line":59,"column":8},"end":{"line":65,"column":null}},"23":{"start":{"line":60,"column":12},"end":{"line":60,"column":25}},"24":{"start":{"line":62,"column":12},"end":{"line":62,"column":16}},"25":{"start":{"line":63,"column":12},"end":{"line":63,"column":16}},"26":{"start":{"line":64,"column":12},"end":{"line":64,"column":19}},"27":{"start":{"line":74,"column":8},"end":{"line":75,"column":19}},"28":{"start":{"line":75,"column":12},"end":{"line":75,"column":19}},"29":{"start":{"line":77,"column":21},"end":{"line":77,"column":40}},"30":{"start":{"line":78,"column":8},"end":{"line":78,"column":14}},"31":{"start":{"line":79,"column":8},"end":{"line":79,"column":12}},"32":{"start":{"line":80,"column":8},"end":{"line":80,"column":15}},"33":{"start":{"line":89,"column":8},"end":{"line":90,"column":19}},"34":{"start":{"line":90,"column":12},"end":{"line":90,"column":19}},"35":{"start":{"line":92,"column":21},"end":{"line":92,"column":40}},"36":{"start":{"line":93,"column":8},"end":{"line":93,"column":14}},"37":{"start":{"line":94,"column":8},"end":{"line":94,"column":12}},"38":{"start":{"line":95,"column":8},"end":{"line":95,"column":15}},"39":{"start":{"line":103,"column":8},"end":{"line":103,"column":15}},"40":{"start":{"line":12,"column":8},"end":{"line":12,"column":13}},"41":{"start":{"line":13,"column":8},"end":{"line":13,"column":13}},"42":{"start":{"line":14,"column":8},"end":{"line":14,"column":13}},"43":{"start":{"line":15,"column":8},"end":{"line":15,"column":13}},"44":{"start":{"line":111,"column":15},"end":{"line":111,"column":null}}},"fnMap":{"0":{"name":"Robot","decl":{"start":{"line":11,"column":4},"end":{"line":11,"column":19}},"loc":{"start":{"line":11,"column":19},"end":{"line":16,"column":null}}},"1":{"name":"(anonymous_10)","decl":{"start":{"line":21,"column":19},"end":{"line":21,"column":28}},"loc":{"start":{"line":21,"column":32},"end":{"line":30,"column":null}}},"2":{"name":"(anonymous_11)","decl":{"start":{"line":40,"column":12},"end":{"line":40,"column":13}},"loc":{"start":{"line":40,"column":25},"end":{"line":49,"column":null}}},"3":{"name":"(anonymous_12)","decl":{"start":{"line":54,"column":11},"end":{"line":54,"column":17}},"loc":{"start":{"line":54,"column":17},"end":{"line":66,"column":null}}},"4":{"name":"(anonymous_13)","decl":{"start":{"line":73,"column":11},"end":{"line":73,"column":17}},"loc":{"start":{"line":73,"column":17},"end":{"line":81,"column":null}}},"5":{"name":"(anonymous_14)","decl":{"start":{"line":88,"column":12},"end":{"line":88,"column":18}},"loc":{"start":{"line":88,"column":18},"end":{"line":96,"column":null}}},"6":{"name":"(anonymous_15)","decl":{"start":{"line":102,"column":13},"end":{"line":102,"column":19}},"loc":{"start":{"line":102,"column":19},"end":{"line":108,"column":null}}}},"branchMap":{"0":{"loc":{"start":{"line":22,"column":8},"end":{"line":24,"column":null}},"type":"if","locations":[{"start":{"line":22,"column":8},"end":{"line":24,"column":null}},{"start":{"line":22,"column":8},"end":{"line":24,"column":null}}]},"1":{"loc":{"start":{"line":26,"column":8},"end":{"line":28,"column":null}},"type":"if","locations":[{"start":{"line":26,"column":8},"end":{"line":28,"column":null}},{"start":{"line":26,"column":8},"end":{"line":28,"column":null}}]},"2":{"loc":{"start":{"line":41,"column":8},"end":{"line":48,"column":null}},"type":"if","locations":[{"start":{"line":41,"column":8},"end":{"line":48,"column":null}},{"start":{"line":41,"column":8},"end":{"line":48,"column":null}}]},"3":{"loc":{"start":{"line":59,"column":8},"end":{"line":65,"column":null}},"type":"if","locations":[{"start":{"line":59,"column":8},"end":{"line":65,"column":null}},{"start":{"line":59,"column":8},"end":{"line":65,"column":null}}]},"4":{"loc":{"start":{"line":74,"column":8},"end":{"line":75,"column":19}},"type":"if","locations":[{"start":{"line":74,"column":8},"end":{"line":75,"column":19}},{"start":{"line":74,"column":8},"end":{"line":75,"column":19}}]},"5":{"loc":{"start":{"line":89,"column":8},"end":{"line":90,"column":19}},"type":"if","locations":[{"start":{"line":89,"column":8},"end":{"line":90,"column":19}},{"start":{"line":89,"column":8},"end":{"line":90,"column":19}}]}},"s":{"0":30,"1":30,"2":30,"3":30,"4":30,"5":223,"6":22,"7":23,"8":42,"9":21,"10":22,"11":46,"12":36,"13":2,"14":34,"15":34,"16":34,"17":34,"18":35,"19":34,"20":18,"21":18,"22":18,"23":2,"24":16,"25":16,"26":16,"27":33,"28":9,"29":6,"30":12,"31":12,"32":12,"33":11,"34":28,"35":9,"36":4,"37":8,"38":8,"39":12,"40":30,"41":52,"42":34,"43":25,"44":3},"f":{"0":52,"1":44,"2":36,"3":18,"4":14,"5":10,"6":16},"b":{"0":[2,42],"1":[2,40],"2":[2,34],"3":[2,16],"4":[2,12],"5":[2,8]},"_coverageSchema":"1a1c01bbd47fc00a2c39e90264f33305004495a9","hash":"317e2daf80f670e2ef184a62f457e37c9dfdbd69"}
,"/Users/faisalnaseer/Desktop/Projects/rea-robot-v5/toy-robot/src/Surface.js": {"path":"/Users/faisalnaseer/Desktop/Projects/rea-robot-v5/toy-robot/src/Surface.js","statementMap":{"0":{"start":{"line":7,"column":40},"end":{"line":7,"column":28}},"1":{"start":{"line":7,"column":40},"end":{"line":7,"column":39}},"2":{"start":{"line":7,"column":40},"end":{"line":7,"column":null}},"3":{"start":{"line":8,"column":8},"end":{"line":8,"column":13}},"4":{"start":{"line":9,"column":8},"end":{"line":9,"column":13}},"5":{"start":{"line":17,"column":8},"end":{"line":24,"column":19}},"6":{"start":{"line":18,"column":12},"end":{"line":18,"column":19}},"7":{"start":{"line":19,"column":13},"end":{"line":24,"column":19}},"8":{"start":{"line":20,"column":12},"end":{"line":20,"column":19}},"9":{"start":{"line":21,"column":13},"end":{"line":24,"column":19}},"10":{"start":{"line":22,"column":12},"end":{"line":22,"column":19}},"11":{"start":{"line":24,"column":12},"end":{"line":24,"column":19}},"12":{"start":{"line":28,"column":15},"end":{"line":28,"column":null}}},"fnMap":{"0":{"name":"Surface","decl":{"start":{"line":7,"column":4},"end":{"line":7,"column":17}},"loc":{"start":{"line":7,"column":40},"end":{"line":10,"column":null}}},"1":{"name":"checkSurfaceOutOfBound","decl":{"start":{"line":16,"column":28},"end":{"line":16,"column":31}},"loc":{"start":{"line":16,"column":34},"end":{"line":25,"column":null}}}},"branchMap":{"0":{"loc":{"start":{"line":7,"column":40},"end":{"line":7,"column":null}},"type":"cond-expr","locations":[{"start":{"line":7,"column":40},"end":{"line":7,"column":null}},{"start":{"line":7,"column":25},"end":{"line":7,"column":28}}]},"1":{"loc":{"start":{"line":7,"column":40},"end":{"line":7,"column":null}},"type":"binary-expr","locations":[{"start":{"line":7,"column":40},"end":{"line":7,"column":null}},{"start":{"line":7,"column":40},"end":{"line":7,"column":null}}]},"2":{"loc":{"start":{"line":7,"column":40},"end":{"line":7,"column":null}},"type":"cond-expr","locations":[{"start":{"line":7,"column":40},"end":{"line":7,"column":null}},{"start":{"line":7,"column":37},"end":{"line":7,"column":40}}]},"3":{"loc":{"start":{"line":17,"column":8},"end":{"line":24,"column":19}},"type":"if","locations":[{"start":{"line":17,"column":8},"end":{"line":24,"column":19}},{"start":{"line":17,"column":8},"end":{"line":24,"column":19}}]},"4":{"loc":{"start":{"line":17,"column":12},"end":{"line":17,"column":21}},"type":"binary-expr","locations":[{"start":{"line":17,"column":12},"end":{"line":17,"column":21}},{"start":{"line":17,"column":21},"end":{"line":17,"column":null}}]},"5":{"loc":{"start":{"line":19,"column":13},"end":{"line":24,"column":19}},"type":"if","locations":[{"start":{"line":19,"column":13},"end":{"line":24,"column":19}},{"start":{"line":19,"column":13},"end":{"line":24,"column":19}}]},"6":{"loc":{"start":{"line":21,"column":13},"end":{"line":24,"column":19}},"type":"if","locations":[{"start":{"line":21,"column":13},"end":{"line":24,"column":19}},{"start":{"line":21,"column":13},"end":{"line":24,"column":19}}]}},"s":{"0":66,"1":66,"2":67,"3":33,"4":66,"5":34,"6":32,"7":33,"8":31,"9":27,"10":3,"11":24,"12":3},"f":{"0":66,"1":66},"b":{"0":[32,null],"1":[64,null],"2":[33,34],"3":[36,64],"4":[34,61],"5":[6,55],"6":[3,24]},"_coverageSchema":"1a1c01bbd47fc00a2c39e90264f33305004495a9","hash":"1a81a0a513cb8f63262732607eb4edbce9970c3d"}
,"/Users/faisalnaseer/Desktop/Projects/rea-robot-v5/toy-robot/src/index.js": {"path":"/Users/faisalnaseer/Desktop/Projects/rea-robot-v5/toy-robot/src/index.js","statementMap":{"0":{"start":{"line":1,"column":0},"end":{"line":1,"column":null}},"1":{"start":{"line":2,"column":0},"end":{"line":2,"column":null}},"2":{"start":{"line":3,"column":0},"end":{"line":3,"column":null}},"3":{"start":{"line":4,"column":0},"end":{"line":4,"column":null}},"4":{"start":{"line":5,"column":0},"end":{"line":5,"column":null}},"5":{"start":{"line":7,"column":15},"end":{"line":7,"column":19}},"6":{"start":{"line":12,"column":26},"end":{"line":19,"column":null}},"7":{"start":{"line":13,"column":4},"end":{"line":18,"column":null}},"8":{"start":{"line":14,"column":8},"end":{"line":14,"column":15}},"9":{"start":{"line":16,"column":8},"end":{"line":16,"column":13}},"10":{"start":{"line":17,"column":8},"end":{"line":17,"column":15}},"11":{"start":{"line":26,"column":37},"end":{"line":40,"column":null}},"12":{"start":{"line":27,"column":4},"end":{"line":38,"column":null}},"13":{"start":{"line":29,"column":8},"end":{"line":29,"column":14}},"14":{"start":{"line":30,"column":8},"end":{"line":30,"column":14}},"15":{"start":{"line":31,"column":8},"end":{"line":31,"column":12}},"16":{"start":{"line":36,"column":29},"end":{"line":36,"column":null}},"17":{"start":{"line":37,"column":8},"end":{"line":37,"column":13}},"18":{"start":{"line":45,"column":0},"end":{"line":45,"column":6}},"19":{"start":{"line":50,"column":8},"end":{"line":50,"column":16}},"20":{"start":{"line":59,"column":0},"end":{"line":59,"column":6}},"21":{"start":{"line":65,"column":8},"end":{"line":102,"column":null}},"22":{"start":{"line":66,"column":22},"end":{"line":66,"column":26}},"23":{"start":{"line":67,"column":10},"end":{"line":94,"column":null}},"24":{"start":{"line":73,"column":12},"end":{"line":73,"column":17}},"25":{"start":{"line":74,"column":17},"end":{"line":74,"column":null}},"26":{"start":{"line":79,"column":28},"end":{"line":79,"column":67}},"27":{"start":{"line":80,"column":28},"end":{"line":80,"column":67}},"28":{"start":{"line":81,"column":27},"end":{"line":81,"column":28}},"29":{"start":{"line":87,"column":12},"end":{"line":87,"column":null}},"30":{"start":{"line":92,"column":12},"end":{"line":92,"column":16}},"31":{"start":{"line":93,"column":12},"end":{"line":93,"column":18}},"32":{"start":{"line":96,"column":10},"end":{"line":96,"column":15}},"33":{"start":{"line":100,"column":33},"end":{"line":100,"column":null}},"34":{"start":{"line":101,"column":12},"end":{"line":101,"column":17}},"35":{"start":{"line":103,"column":8},"end":{"line":103,"column":16}},"36":{"start":{"line":109,"column":0},"end":{"line":109,"column":6}},"37":{"start":{"line":116,"column":8},"end":{"line":122,"column":null}},"38":{"start":{"line":117,"column":12},"end":{"line":117,"column":16}},"39":{"start":{"line":119,"column":12},"end":{"line":119,"column":17}},"40":{"start":{"line":120,"column":33},"end":{"line":120,"column":null}},"41":{"start":{"line":121,"column":12},"end":{"line":121,"column":17}},"42":{"start":{"line":123,"column":8},"end":{"line":123,"column":16}},"43":{"start":{"line":128,"column":0},"end":{"line":128,"column":6}},"44":{"start":{"line":135,"column":8},"end":{"line":141,"column":null}},"45":{"start":{"line":136,"column":12},"end":{"line":136,"column":16}},"46":{"start":{"line":138,"column":12},"end":{"line":138,"column":17}},"47":{"start":{"line":139,"column":33},"end":{"line":139,"column":null}},"48":{"start":{"line":140,"column":12},"end":{"line":140,"column":17}},"49":{"start":{"line":142,"column":4},"end":{"line":142,"column":12}},"50":{"start":{"line":147,"column":0},"end":{"line":147,"column":6}},"51":{"start":{"line":154,"column":8},"end":{"line":160,"column":null}},"52":{"start":{"line":155,"column":12},"end":{"line":155,"column":16}},"53":{"start":{"line":157,"column":12},"end":{"line":157,"column":17}},"54":{"start":{"line":158,"column":33},"end":{"line":158,"column":null}},"55":{"start":{"line":159,"column":12},"end":{"line":159,"column":17}},"56":{"start":{"line":161,"column":4},"end":{"line":161,"column":12}},"57":{"start":{"line":166,"column":0},"end":{"line":166,"column":6}},"58":{"start":{"line":173,"column":8},"end":{"line":180,"column":null}},"59":{"start":{"line":174,"column":12},"end":{"line":174,"column":16}},"60":{"start":{"line":175,"column":12},"end":{"line":175,"column":17}},"61":{"start":{"line":177,"column":12},"end":{"line":177,"column":17}},"62":{"start":{"line":178,"column":33},"end":{"line":178,"column":null}},"63":{"start":{"line":179,"column":12},"end":{"line":179,"column":17}},"64":{"start":{"line":181,"column":8},"end":{"line":181,"column":16}},"65":{"start":{"line":184,"column":0},"end":{"line":184,"column":6}},"66":{"start":{"line":186,"column":0},"end":{"line":186,"column":7}},"67":{"start":{"line":187,"column":25},"end":{"line":187,"column":null}},"68":{"start":{"line":188,"column":4},"end":{"line":188,"column":9}},"69":{"start":{"line":189,"column":4},"end":{"line":189,"column":10}}},"fnMap":{"0":{"name":"isRobotPositioned","decl":{"start":{"line":12,"column":6},"end":{"line":12,"column":23}},"loc":{"start":{"line":12,"column":36},"end":{"line":19,"column":null}}},"1":{"name":"setRobotReferenceAndPosition","decl":{"start":{"line":26,"column":6},"end":{"line":26,"column":34}},"loc":{"start":{"line":26,"column":43},"end":{"line":40,"column":null}}},"2":{"name":"(anonymous_9)","decl":{"start":{"line":48,"column":12},"end":{"line":48,"column":13}},"loc":{"start":{"line":48,"column":32},"end":{"line":51,"column":null}}},"3":{"name":"(anonymous_10)","decl":{"start":{"line":63,"column":12},"end":{"line":63,"column":13}},"loc":{"start":{"line":63,"column":32},"end":{"line":104,"column":null}}},"4":{"name":"(anonymous_11)","decl":{"start":{"line":114,"column":12},"end":{"line":114,"column":13}},"loc":{"start":{"line":114,"column":32},"end":{"line":124,"column":null}}},"5":{"name":"(anonymous_12)","decl":{"start":{"line":133,"column":12},"end":{"line":133,"column":13}},"loc":{"start":{"line":133,"column":32},"end":{"line":143,"column":null}}},"6":{"name":"(anonymous_13)","decl":{"start":{"line":152,"column":12},"end":{"line":152,"column":13}},"loc":{"start":{"line":152,"column":32},"end":{"line":162,"column":null}}},"7":{"name":"(anonymous_14)","decl":{"start":{"line":171,"column":12},"end":{"line":171,"column":13}},"loc":{"start":{"line":171,"column":32},"end":{"line":182,"column":null}}},"8":{"name":"(anonymous_15)","decl":{"start":{"line":186,"column":32},"end":{"line":186,"column":33}},"loc":{"start":{"line":186,"column":43},"end":{"line":190,"column":null}}}},"branchMap":{"0":{"loc":{"start":{"line":13,"column":4},"end":{"line":18,"column":null}},"type":"if","locations":[{"start":{"line":13,"column":4},"end":{"line":18,"column":null}},{"start":{"line":13,"column":4},"end":{"line":18,"column":null}}]},"1":{"loc":{"start":{"line":67,"column":10},"end":{"line":94,"column":null}},"type":"if","locations":[{"start":{"line":67,"column":10},"end":{"line":94,"column":null}},{"start":{"line":67,"column":10},"end":{"line":94,"column":null}}]},"2":{"loc":{"start":{"line":79,"column":54},"end":{"line":79,"column":58}},"type":"cond-expr","locations":[{"start":{"line":79,"column":54},"end":{"line":79,"column":58}},{"start":{"line":79,"column":58},"end":{"line":79,"column":67}}]},"3":{"loc":{"start":{"line":80,"column":54},"end":{"line":80,"column":58}},"type":"cond-expr","locations":[{"start":{"line":80,"column":54},"end":{"line":80,"column":58}},{"start":{"line":80,"column":58},"end":{"line":80,"column":67}}]}},"s":{"0":2,"1":2,"2":27,"3":27,"4":1,"5":1,"6":2,"7":30,"8":30,"9":12,"10":12,"11":1,"12":10,"13":11,"14":10,"15":11,"16":12,"17":12,"18":13,"19":0,"20":13,"21":22,"22":22,"23":22,"24":12,"25":52,"26":22,"27":10,"28":10,"29":10,"30":22,"31":11,"32":8,"33":8,"34":0,"35":10,"36":1,"37":14,"38":7,"39":4,"40":4,"41":0,"42":6,"43":1,"44":6,"45":3,"46":6,"47":6,"48":0,"49":2,"50":1,"51":10,"52":5,"53":8,"54":8,"55":8,"56":4,"57":1,"58":6,"59":14,"60":7,"61":1,"62":0,"63":0,"64":6,"65":1,"66":1,"67":0,"68":0,"69":0},"f":{"0":44,"1":22,"2":0,"3":22,"4":14,"5":6,"6":10,"7":14,"8":0},"b":{"0":[44,0],"1":[0,22],"2":[0,22],"3":[0,22]},"_coverageSchema":"1a1c01bbd47fc00a2c39e90264f33305004495a9","hash":"a6594d94b5910b1e16617053e2b313f21d59e3a5"}
,"/Users/faisalnaseer/Desktop/Projects/rea-robot-v5/toy-robot/src/messages/Messages.js": {"path":"/Users/faisalnaseer/Desktop/Projects/rea-robot-v5/toy-robot/src/messages/Messages.js","statementMap":{"0":{"start":{"line":1,"column":17},"end":{"line":1,"column":null}},"1":{"start":{"line":22,"column":15},"end":{"line":22,"column":null}}},"fnMap":{},"branchMap":{},"s":{"0":8,"1":4},"f":{},"b":{},"_coverageSchema":"1a1c01bbd47fc00a2c39e90264f33305004495a9","hash":"0cbbd3fbed7dca63cc96de4719e95ba8604b8c1a"}
,"/Users/faisalnaseer/Desktop/Projects/rea-robot-v5/toy-robot/src/utils/DirectionUtils.js": {"path":"/Users/faisalnaseer/Desktop/Projects/rea-robot-v5/toy-robot/src/utils/DirectionUtils.js","statementMap":{"0":{"start":{"line":1,"column":0},"end":{"line":1,"column":null}},"1":{"start":{"line":2,"column":0},"end":{"line":2,"column":null}},"2":{"start":{"line":8,"column":23},"end":{"line":13,"column":null}},"3":{"start":{"line":9,"column":4},"end":{"line":12,"column":16}},"4":{"start":{"line":10,"column":8},"end":{"line":10,"column":15}},"5":{"start":{"line":12,"column":8},"end":{"line":12,"column":16}},"6":{"start":{"line":18,"column":27},"end":{"line":28,"column":null}},"7":{"start":{"line":19,"column":4},"end":{"line":20,"column":14}},"8":{"start":{"line":20,"column":8},"end":{"line":20,"column":14}},"9":{"start":{"line":22,"column":20},"end":{"line":22,"column":29}},"10":{"start":{"line":23,"column":4},"end":{"line":25,"column":null}},"11":{"start":{"line":24,"column":8},"end":{"line":24,"column":53}},"12":{"start":{"line":24,"column":46},"end":{"line":24,"column":53}},"13":{"start":{"line":27,"column":4},"end":{"line":27,"column":10}},"14":{"start":{"line":33,"column":25},"end":{"line":37,"column":null}},"15":{"start":{"line":34,"column":4},"end":{"line":35,"column":14}},"16":{"start":{"line":35,"column":8},"end":{"line":35,"column":14}},"17":{"start":{"line":36,"column":4},"end":{"line":36,"column":11}},"18":{"start":{"line":42,"column":25},"end":{"line":46,"column":null}},"19":{"start":{"line":43,"column":4},"end":{"line":44,"column":14}},"20":{"start":{"line":44,"column":8},"end":{"line":44,"column":14}},"21":{"start":{"line":45,"column":4},"end":{"line":45,"column":11}}},"fnMap":{"0":{"name":"isValidDirection","decl":{"start":{"line":8,"column":4},"end":{"line":8,"column":20}},"loc":{"start":{"line":8,"column":38},"end":{"line":13,"column":null}}},"1":{"name":"getDirectionByDegree","decl":{"start":{"line":18,"column":4},"end":{"line":18,"column":24}},"loc":{"start":{"line":18,"column":39},"end":{"line":28,"column":null}}},"2":{"name":"getDirectionMoment","decl":{"start":{"line":33,"column":4},"end":{"line":33,"column":22}},"loc":{"start":{"line":33,"column":40},"end":{"line":37,"column":null}}},"3":{"name":"getDirectionDegree","decl":{"start":{"line":42,"column":4},"end":{"line":42,"column":22}},"loc":{"start":{"line":42,"column":40},"end":{"line":46,"column":null}}}},"branchMap":{"0":{"loc":{"start":{"line":9,"column":4},"end":{"line":12,"column":16}},"type":"if","locations":[{"start":{"line":9,"column":4},"end":{"line":12,"column":16}},{"start":{"line":9,"column":4},"end":{"line":12,"column":16}}]},"1":{"loc":{"start":{"line":9,"column":8},"end":{"line":9,"column":22}},"type":"binary-expr","locations":[{"start":{"line":9,"column":8},"end":{"line":9,"column":22}},{"start":{"line":9,"column":22},"end":{"line":9,"column":null}}]},"2":{"loc":{"start":{"line":19,"column":4},"end":{"line":20,"column":14}},"type":"if","locations":[{"start":{"line":19,"column":4},"end":{"line":20,"column":14}},{"start":{"line":19,"column":4},"end":{"line":20,"column":14}}]},"3":{"loc":{"start":{"line":19,"column":8},"end":{"line":19,"column":14}},"type":"binary-expr","locations":[{"start":{"line":19,"column":8},"end":{"line":19,"column":14}},{"start":{"line":19,"column":25},"end":{"line":19,"column":null}}]},"4":{"loc":{"start":{"line":24,"column":8},"end":{"line":24,"column":53}},"type":"if","locations":[{"start":{"line":24,"column":8},"end":{"line":24,"column":53}},{"start":{"line":24,"column":8},"end":{"line":24,"column":53}}]},"5":{"loc":{"start":{"line":34,"column":4},"end":{"line":35,"column":14}},"type":"if","locations":[{"start":{"line":34,"column":4},"end":{"line":35,"column":14}},{"start":{"line":34,"column":4},"end":{"line":35,"column":14}}]},"6":{"loc":{"start":{"line":43,"column":4},"end":{"line":44,"column":14}},"type":"if","locations":[{"start":{"line":43,"column":4},"end":{"line":44,"column":14}},{"start":{"line":43,"column":4},"end":{"line":44,"column":14}}]}},"s":{"0":8,"1":55,"2":5,"3":93,"4":5,"5":60,"6":6,"7":30,"8":18,"9":52,"10":28,"11":32,"12":16,"13":12,"14":5,"15":21,"16":5,"17":23,"18":5,"19":23,"20":1,"21":9},"f":{"0":94,"1":32,"2":22,"3":24},"b":{"0":[2,92],"1":[94,94],"2":[4,28],"3":[32,32],"4":[28,44],"5":[2,20],"6":[2,22]},"_coverageSchema":"1a1c01bbd47fc00a2c39e90264f33305004495a9","hash":"55bed3e9454347ae0f2454991c05ff8e936033d0"}
,"/Users/faisalnaseer/Desktop/Projects/rea-robot-v5/toy-robot/src/utils/ErrorLogs.js": {"path":"/Users/faisalnaseer/Desktop/Projects/rea-robot-v5/toy-robot/src/utils/ErrorLogs.js","statementMap":{"0":{"start":{"line":1,"column":0},"end":{"line":1,"column":null}},"1":{"start":{"line":6,"column":11},"end":{"line":13,"column":null}},"2":{"start":{"line":6,"column":24},"end":{"line":6,"column":null}},"3":{"start":{"line":6,"column":15},"end":{"line":6,"column":null}},"4":{"start":{"line":8,"column":5},"end":{"line":6,"column":null}},"5":{"start":{"line":8,"column":10},"end":{"line":6,"column":null}},"6":{"start":{"line":9,"column":4},"end":{"line":12,"column":15}},"7":{"start":{"line":10,"column":8},"end":{"line":10,"column":15}},"8":{"start":{"line":12,"column":8},"end":{"line":12,"column":15}},"9":{"start":{"line":19,"column":19},"end":{"line":21,"column":null}},"10":{"start":{"line":20,"column":4},"end":{"line":20,"column":10}}},"fnMap":{"0":{"name":"Logs","decl":{"start":{"line":6,"column":4},"end":{"line":6,"column":8}},"loc":{"start":{"line":6,"column":24},"end":{"line":13,"column":null}}},"1":{"name":"NewException","decl":{"start":{"line":19,"column":4},"end":{"line":19,"column":16}},"loc":{"start":{"line":19,"column":27},"end":{"line":21,"column":null}}}},"branchMap":{"0":{"loc":{"start":{"line":9,"column":4},"end":{"line":12,"column":15}},"type":"if","locations":[{"start":{"line":9,"column":4},"end":{"line":12,"column":15}},{"start":{"line":9,"column":4},"end":{"line":12,"column":15}}]}},"s":{"0":6,"1":11,"2":32,"3":12,"4":14,"5":9,"6":10,"7":0,"8":6,"9":3,"10":4},"f":{"0":14,"1":8},"b":{"0":[0,14]},"_coverageSchema":"1a1c01bbd47fc00a2c39e90264f33305004495a9","hash":"82933180e03f5efdcf73bf36f2dbd234bb04f55d"}
,"/Users/faisalnaseer/Desktop/Projects/rea-robot-v5/toy-robot/src/utils/Initializer.js": {"path":"/Users/faisalnaseer/Desktop/Projects/rea-robot-v5/toy-robot/src/utils/Initializer.js","statementMap":{"0":{"start":{"line":2,"column":0},"end":{"line":2,"column":null}},"1":{"start":{"line":3,"column":0},"end":{"line":3,"column":null}},"2":{"start":{"line":8,"column":30},"end":{"line":10,"column":null}},"3":{"start":{"line":9,"column":4},"end":{"line":9,"column":11}},"4":{"start":{"line":12,"column":32},"end":{"line":14,"column":null}},"5":{"start":{"line":12,"column":59},"end":{"line":12,"column":44}},"6":{"start":{"line":12,"column":59},"end":{"line":12,"column":58}},"7":{"start":{"line":13,"column":4},"end":{"line":13,"column":11}}},"fnMap":{"0":{"name":"initializeRobotInstance","decl":{"start":{"line":8,"column":4},"end":{"line":8,"column":27}},"loc":{"start":{"line":8,"column":36},"end":{"line":10,"column":null}}},"1":{"name":"initializeSurfaceInstance","decl":{"start":{"line":12,"column":4},"end":{"line":12,"column":29}},"loc":{"start":{"line":12,"column":59},"end":{"line":14,"column":null}}}},"branchMap":{"0":{"loc":{"start":{"line":12,"column":59},"end":{"line":12,"column":null}},"type":"cond-expr","locations":[{"start":{"line":12,"column":59},"end":{"line":12,"column":null}},{"start":{"line":12,"column":41},"end":{"line":12,"column":44}}]},"1":{"loc":{"start":{"line":12,"column":59},"end":{"line":12,"column":null}},"type":"binary-expr","locations":[{"start":{"line":12,"column":59},"end":{"line":12,"column":null}},{"start":{"line":12,"column":59},"end":{"line":12,"column":null}}]},"2":{"loc":{"start":{"line":12,"column":59},"end":{"line":12,"column":null}},"type":"cond-expr","locations":[{"start":{"line":12,"column":59},"end":{"line":12,"column":null}},{"start":{"line":12,"column":53},"end":{"line":12,"column":59}}]}},"s":{"0":6,"1":30,"2":6,"3":59,"4":3,"5":32,"6":32,"7":32},"f":{"0":52,"1":66},"b":{"0":[34,null],"1":[91,null],"2":[7,25]},"_coverageSchema":"1a1c01bbd47fc00a2c39e90264f33305004495a9","hash":"b4fb91451dde57534e280879bc557ee50523deeb"}
}
