TN:
SF:src/Directions.js
FNF:0
FNH:0
DA:1,8
DA:20,4
LF:2
LH:2
BRF:0
BRH:0
end_of_record
TN:
SF:src/Robot.js
FN:11,Robot
FN:21,(anonymous_10)
FN:40,(anonymous_11)
FN:54,(anonymous_12)
FN:73,(anonymous_13)
FN:88,(anonymous_14)
FN:102,(anonymous_15)
FNF:7
FNH:7
FNDA:52,Robot
FNDA:44,(anonymous_10)
FNDA:36,(anonymous_11)
FNDA:18,(anonymous_12)
FNDA:14,(anonymous_13)
FNDA:10,(anonymous_14)
FNDA:16,(anonymous_15)
DA:1,30
DA:2,30
DA:3,30
DA:4,30
DA:11,223
DA:12,30
DA:13,52
DA:14,34
DA:15,25
DA:22,22
DA:23,23
DA:25,42
DA:26,21
DA:27,22
DA:29,46
DA:41,36
DA:42,2
DA:44,34
DA:45,34
DA:46,34
DA:47,34
DA:54,34
DA:55,35
DA:56,18
DA:57,18
DA:59,18
DA:60,2
DA:62,16
DA:63,16
DA:64,16
DA:74,33
DA:75,9
DA:77,6
DA:78,12
DA:79,12
DA:80,12
DA:89,11
DA:90,28
DA:92,9
DA:93,4
DA:94,8
DA:95,8
DA:103,12
DA:111,3
LF:44
LH:44
BRDA:22,0,0,2
BRDA:22,0,1,42
BRDA:26,1,0,2
BRDA:26,1,1,40
BRDA:41,2,0,2
BRDA:41,2,1,34
BRDA:59,3,0,2
BRDA:59,3,1,16
BRDA:74,4,0,2
BRDA:74,4,1,12
BRDA:89,5,0,2
BRDA:89,5,1,8
BRF:12
BRH:12
end_of_record
TN:
SF:src/Surface.js
FN:7,Surface
FN:16,checkSurfaceOutOfBound
FNF:2
FNH:2
FNDA:66,Surface
FNDA:66,checkSurfaceOutOfBound
DA:7,67
DA:8,33
DA:9,66
DA:17,34
DA:18,32
DA:19,33
DA:20,31
DA:21,27
DA:22,3
DA:24,24
DA:28,3
LF:11
LH:11
BRDA:7,0,0,32
BRDA:7,0,1,NaN
BRDA:7,1,0,64
BRDA:7,1,1,NaN
BRDA:7,2,0,33
BRDA:7,2,1,34
BRDA:17,3,0,36
BRDA:17,3,1,64
BRDA:17,4,0,34
BRDA:17,4,1,61
BRDA:19,5,0,6
BRDA:19,5,1,55
BRDA:21,6,0,3
BRDA:21,6,1,24
BRF:14
BRH:12
end_of_record
TN:
SF:src/index.js
FN:12,isRobotPositioned
FN:26,setRobotReferenceAndPosition
FN:48,(anonymous_9)
FN:63,(anonymous_10)
FN:114,(anonymous_11)
FN:133,(anonymous_12)
FN:152,(anonymous_13)
FN:171,(anonymous_14)
FN:186,(anonymous_15)
FNF:9
FNH:7
FNDA:44,isRobotPositioned
FNDA:22,setRobotReferenceAndPosition
FNDA:0,(anonymous_9)
FNDA:22,(anonymous_10)
FNDA:14,(anonymous_11)
FNDA:6,(anonymous_12)
FNDA:10,(anonymous_13)
FNDA:14,(anonymous_14)
FNDA:0,(anonymous_15)
DA:1,2
DA:2,2
DA:3,27
DA:4,27
DA:5,1
DA:7,1
DA:12,2
DA:13,30
DA:14,30
DA:16,12
DA:17,12
DA:26,1
DA:27,10
DA:29,11
DA:30,10
DA:31,11
DA:36,12
DA:37,12
DA:45,13
DA:50,0
DA:59,13
DA:65,22
DA:66,22
DA:67,22
DA:73,12
DA:74,52
DA:79,22
DA:80,10
DA:81,10
DA:87,10
DA:92,22
DA:93,11
DA:96,8
DA:100,8
DA:101,0
DA:103,10
DA:109,1
DA:116,14
DA:117,7
DA:119,4
DA:120,4
DA:121,0
DA:123,6
DA:128,1
DA:135,6
DA:136,3
DA:138,6
DA:139,6
DA:140,0
DA:142,2
DA:147,1
DA:154,10
DA:155,5
DA:157,8
DA:158,8
DA:159,8
DA:161,4
DA:166,1
DA:173,6
DA:174,14
DA:175,7
DA:177,1
DA:178,0
DA:179,0
DA:181,6
DA:184,1
DA:186,1
DA:187,0
DA:188,0
DA:189,0
LF:70
LH:61
BRDA:13,0,0,44
BRDA:13,0,1,0
BRDA:67,1,0,0
BRDA:67,1,1,22
BRDA:79,2,0,0
BRDA:79,2,1,22
BRDA:80,3,0,0
BRDA:80,3,1,22
BRF:8
BRH:4
end_of_record
TN:
SF:src/messages/Messages.js
FNF:0
FNH:0
DA:1,8
DA:22,4
LF:2
LH:2
BRF:0
BRH:0
end_of_record
TN:
SF:src/utils/DirectionUtils.js
FN:8,isValidDirection
FN:18,getDirectionByDegree
FN:33,getDirectionMoment
FN:42,getDirectionDegree
FNF:4
FNH:4
FNDA:94,isValidDirection
FNDA:32,getDirectionByDegree
FNDA:22,getDirectionMoment
FNDA:24,getDirectionDegree
DA:1,8
DA:2,55
DA:8,5
DA:9,93
DA:10,5
DA:12,60
DA:18,6
DA:19,30
DA:20,18
DA:22,52
DA:23,28
DA:24,32
DA:27,12
DA:33,5
DA:34,21
DA:35,5
DA:36,23
DA:42,5
DA:43,23
DA:44,1
DA:45,9
LF:21
LH:21
BRDA:9,0,0,2
BRDA:9,0,1,92
BRDA:9,1,0,94
BRDA:9,1,1,94
BRDA:19,2,0,4
BRDA:19,2,1,28
BRDA:19,3,0,32
BRDA:19,3,1,32
BRDA:24,4,0,28
BRDA:24,4,1,44
BRDA:34,5,0,2
BRDA:34,5,1,20
BRDA:43,6,0,2
BRDA:43,6,1,22
BRF:14
BRH:14
end_of_record
TN:
SF:src/utils/ErrorLogs.js
FN:6,Logs
FN:19,NewException
FNF:2
FNH:2
FNDA:14,Logs
FNDA:8,NewException
DA:1,6
DA:6,32
DA:8,14
DA:9,10
DA:10,0
DA:12,6
DA:19,3
DA:20,4
LF:8
LH:7
BRDA:9,0,0,0
BRDA:9,0,1,14
BRF:2
BRH:1
end_of_record
TN:
SF:src/utils/Initializer.js
FN:8,initializeRobotInstance
FN:12,initializeSurfaceInstance
FNF:2
FNH:2
FNDA:52,initializeRobotInstance
FNDA:66,initializeSurfaceInstance
DA:2,6
DA:3,30
DA:8,6
DA:9,59
DA:12,32
DA:13,32
LF:6
LH:6
BRDA:12,0,0,34
BRDA:12,0,1,NaN
BRDA:12,1,0,91
BRDA:12,1,1,NaN
BRDA:12,2,0,7
BRDA:12,2,1,25
BRF:6
BRH:4
end_of_record
